C:\USERS\ISTLULUED\AUFG4HIMMEL\AUFG4HIMMEL\DEBUG\AUFG4HIMMEL.PCH
C:\USERS\ISTLULUED\AUFG4HIMMEL\AUFG4HIMMEL\DEBUG\STDAFX.OBJ
C:\USERS\ISTLULUED\AUFG4HIMMEL\AUFG4HIMMEL\DEBUG\VC110.PDB
C:\USERS\ISTLULUED\AUFG4HIMMEL\AUFG4HIMMEL\DEBUG\AUFG4HIMMEL.OBJ
C:\USERS\LUKA\DROPBOX\H_DA\2013-01-SOSE\PG2\PRAKTIKUM\AUFG4HIMMEL\AUFG4HIMMEL\DEBUG\AUFG4HIMMEL.PCH
C:\USERS\LUKA\DROPBOX\H_DA\2013-01-SOSE\PG2\PRAKTIKUM\AUFG4HIMMEL\AUFG4HIMMEL\DEBUG\STDAFX.OBJ
C:\USERS\LUKA\DROPBOX\H_DA\2013-01-SOSE\PG2\PRAKTIKUM\AUFG4HIMMEL\AUFG4HIMMEL\DEBUG\VC110.PDB
C:\USERS\LUKA\DROPBOX\H_DA\2013-01-SOSE\PG2\PRAKTIKUM\AUFG4HIMMEL\AUFG4HIMMEL\DEBUG\AUFG4HIMMEL.OBJ
C:\USERS\ISTLULUED\AUFG4HIMMEL\DEBUG\AUFG4HIMMEL.ILK
C:\USERS\ISTLULUED\AUFG4HIMMEL\DEBUG\AUFG4HIMMEL.EXE
C:\USERS\ISTLULUED\AUFG4HIMMEL\DEBUG\AUFG4HIMMEL.PDB
C:\USERS\LUKA\DROPBOX\H_DA\2013-01-SOSE\PG2\PRAKTIKUM\AUFG4HIMMEL\DEBUG\AUFG4HIMMEL.ILK
C:\USERS\LUKA\DROPBOX\H_DA\2013-01-SOSE\PG2\PRAKTIKUM\AUFG4HIMMEL\DEBUG\AUFG4HIMMEL.EXE
C:\USERS\LUKA\DROPBOX\H_DA\2013-01-SOSE\PG2\PRAKTIKUM\AUFG4HIMMEL\DEBUG\AUFG4HIMMEL.PDB
C:\Users\Luka\Dropbox\h_da\2013-01-SoSe\PG2\Praktikum\Aufg4Himmel\Aufg4Himmel\Debug\Aufg4Himmel.obj
C:\Users\Luka\Dropbox\h_da\2013-01-SoSe\PG2\Praktikum\Aufg4Himmel\Aufg4Himmel\Debug\stdafx.obj
C:\Users\Luka\Dropbox\h_da\2013-01-SoSe\PG2\Praktikum\Aufg4Himmel\Aufg4Himmel\Debug\cl.command.1.tlog
C:\Users\Luka\Dropbox\h_da\2013-01-SoSe\PG2\Praktikum\Aufg4Himmel\Aufg4Himmel\Debug\CL.read.1.tlog
C:\Users\Luka\Dropbox\h_da\2013-01-SoSe\PG2\Praktikum\Aufg4Himmel\Aufg4Himmel\Debug\CL.write.1.tlog
C:\Users\Luka\Dropbox\h_da\2013-01-SoSe\PG2\Praktikum\Aufg4Himmel\Aufg4Himmel\Debug\link-cvtres.read.1.tlog
C:\Users\Luka\Dropbox\h_da\2013-01-SoSe\PG2\Praktikum\Aufg4Himmel\Aufg4Himmel\Debug\link-cvtres.write.1.tlog
C:\Users\Luka\Dropbox\h_da\2013-01-SoSe\PG2\Praktikum\Aufg4Himmel\Aufg4Himmel\Debug\link-rc.read.1.tlog
C:\Users\Luka\Dropbox\h_da\2013-01-SoSe\PG2\Praktikum\Aufg4Himmel\Aufg4Himmel\Debug\link-rc.write.1.tlog
C:\Users\Luka\Dropbox\h_da\2013-01-SoSe\PG2\Praktikum\Aufg4Himmel\Aufg4Himmel\Debug\link.command.1.tlog
C:\Users\Luka\Dropbox\h_da\2013-01-SoSe\PG2\Praktikum\Aufg4Himmel\Aufg4Himmel\Debug\link.read.1.tlog
C:\Users\Luka\Dropbox\h_da\2013-01-SoSe\PG2\Praktikum\Aufg4Himmel\Aufg4Himmel\Debug\link.write.1.tlog
C:\Users\Luka\Dropbox\h_da\2013-01-SoSe\PG2\Praktikum\Aufg4Himmel\Aufg4Himmel\Debug\Aufg4Himmel.pch
C:\Users\Luka\Dropbox\h_da\2013-01-SoSe\PG2\Praktikum\Aufg4Himmel\Aufg4Himmel\Debug\vc110.idb
C:\Users\Luka\Dropbox\h_da\2013-01-SoSe\PG2\Praktikum\Aufg4Himmel\Aufg4Himmel\Debug\vc110.pdb
C:\Users\Luka\Dropbox\h_da\2013-01-SoSe\PG2\Praktikum\Aufg4Himmel\Debug\Aufg4Himmel.pdb
C:\Users\Luka\Dropbox\h_da\2013-01-SoSe\PG2\Praktikum\Aufg4Himmel\Debug\Aufg4Himmel.exe
C:\Users\Luka\Dropbox\h_da\2013-01-SoSe\PG2\Praktikum\Aufg4Himmel\Debug\Aufg4Himmel.ilk
