C:\USERS\LUKA\DROPBOX\H_DA\2013-01-SOSE\PG2\PRAKTIKUM\AUFG4HIMMEL\AUFG4HIMMEL\RELEASE(OPTI)\AUFG4HIMMEL.PCH
C:\USERS\LUKA\DROPBOX\H_DA\2013-01-SOSE\PG2\PRAKTIKUM\AUFG4HIMMEL\AUFG4HIMMEL\RELEASE(OPTI)\STDAFX.OBJ
C:\USERS\LUKA\DROPBOX\H_DA\2013-01-SOSE\PG2\PRAKTIKUM\AUFG4HIMMEL\AUFG4HIMMEL\RELEASE(OPTI)\VC110.PDB
C:\USERS\LUKA\DROPBOX\H_DA\2013-01-SOSE\PG2\PRAKTIKUM\AUFG4HIMMEL\AUFG4HIMMEL\RELEASE(OPTI)\AUFG4HIMMEL.OBJ
C:\USERS\LUKA\DROPBOX\H_DA\2013-01-SOSE\PG2\PRAKTIKUM\AUFG4HIMMEL\RELEASE(OPTI)\AUFG4HIMMEL.EXE
C:\USERS\LUKA\DROPBOX\H_DA\2013-01-SOSE\PG2\PRAKTIKUM\AUFG4HIMMEL\RELEASE(OPTI)\AUFG4HIMMEL.PDB
C:\Users\Luka\Dropbox\h_da\2013-01-SoSe\PG2\Praktikum\Aufg4Himmel\Aufg4Himmel\Release(Opti)\Aufg4Himmel.obj
C:\Users\Luka\Dropbox\h_da\2013-01-SoSe\PG2\Praktikum\Aufg4Himmel\Aufg4Himmel\Release(Opti)\stdafx.obj
C:\Users\Luka\Dropbox\h_da\2013-01-SoSe\PG2\Praktikum\Aufg4Himmel\Aufg4Himmel\Release(Opti)\cl.command.1.tlog
C:\Users\Luka\Dropbox\h_da\2013-01-SoSe\PG2\Praktikum\Aufg4Himmel\Aufg4Himmel\Release(Opti)\CL.read.1.tlog
C:\Users\Luka\Dropbox\h_da\2013-01-SoSe\PG2\Praktikum\Aufg4Himmel\Aufg4Himmel\Release(Opti)\CL.write.1.tlog
C:\Users\Luka\Dropbox\h_da\2013-01-SoSe\PG2\Praktikum\Aufg4Himmel\Aufg4Himmel\Release(Opti)\link-cvtres.read.1.tlog
C:\Users\Luka\Dropbox\h_da\2013-01-SoSe\PG2\Praktikum\Aufg4Himmel\Aufg4Himmel\Release(Opti)\link-cvtres.write.1.tlog
C:\Users\Luka\Dropbox\h_da\2013-01-SoSe\PG2\Praktikum\Aufg4Himmel\Aufg4Himmel\Release(Opti)\link-rc.read.1.tlog
C:\Users\Luka\Dropbox\h_da\2013-01-SoSe\PG2\Praktikum\Aufg4Himmel\Aufg4Himmel\Release(Opti)\link-rc.write.1.tlog
C:\Users\Luka\Dropbox\h_da\2013-01-SoSe\PG2\Praktikum\Aufg4Himmel\Aufg4Himmel\Release(Opti)\link.command.1.tlog
C:\Users\Luka\Dropbox\h_da\2013-01-SoSe\PG2\Praktikum\Aufg4Himmel\Aufg4Himmel\Release(Opti)\link.read.1.tlog
C:\Users\Luka\Dropbox\h_da\2013-01-SoSe\PG2\Praktikum\Aufg4Himmel\Aufg4Himmel\Release(Opti)\link.write.1.tlog
C:\Users\Luka\Dropbox\h_da\2013-01-SoSe\PG2\Praktikum\Aufg4Himmel\Aufg4Himmel\Release(Opti)\Aufg4Himmel.pch
C:\Users\Luka\Dropbox\h_da\2013-01-SoSe\PG2\Praktikum\Aufg4Himmel\Aufg4Himmel\Release(Opti)\vc110.pdb
C:\Users\Luka\Dropbox\h_da\2013-01-SoSe\PG2\Praktikum\Aufg4Himmel\Release(Opti)\Aufg4Himmel.pdb
C:\Users\Luka\Dropbox\h_da\2013-01-SoSe\PG2\Praktikum\Aufg4Himmel\Release(Opti)\Aufg4Himmel.exe
