C:\USERS\LUKA\DROPBOX\H_DA\2013-01-SOSE\PG2\PRAKTIKUM\AUFG4HIMMEL\AUFG4HIMMEL\RELEASE\AUFG4HIMMEL.PCH.CODEANALYSIS
C:\USERS\LUKA\DROPBOX\H_DA\2013-01-SOSE\PG2\PRAKTIKUM\AUFG4HIMMEL\AUFG4HIMMEL\RELEASE\AUFG4HIMMEL.PCH.CODEANALYSISAST
C:\USERS\LUKA\DROPBOX\H_DA\2013-01-SOSE\PG2\PRAKTIKUM\AUFG4HIMMEL\AUFG4HIMMEL\RELEASE\STDAFX.CPP.NATIVECODEANALYSIS.XML
C:\USERS\LUKA\DROPBOX\H_DA\2013-01-SOSE\PG2\PRAKTIKUM\AUFG4HIMMEL\AUFG4HIMMEL\RELEASE\STDAFX.OBJ
C:\USERS\LUKA\DROPBOX\H_DA\2013-01-SOSE\PG2\PRAKTIKUM\AUFG4HIMMEL\AUFG4HIMMEL\RELEASE\VC110.PDB
C:\USERS\LUKA\DROPBOX\H_DA\2013-01-SOSE\PG2\PRAKTIKUM\AUFG4HIMMEL\AUFG4HIMMEL\RELEASE\AUFG4HIMMEL.CPP.NATIVECODEANALYSIS.XML
C:\USERS\LUKA\DROPBOX\H_DA\2013-01-SOSE\PG2\PRAKTIKUM\AUFG4HIMMEL\AUFG4HIMMEL\RELEASE\AUFG4HIMMEL.OBJ
C:\USERS\LUKA\DROPBOX\H_DA\2013-01-SOSE\PG2\PRAKTIKUM\AUFG4HIMMEL\RELEASE\AUFG4HIMMEL.EXE
C:\USERS\LUKA\DROPBOX\H_DA\2013-01-SOSE\PG2\PRAKTIKUM\AUFG4HIMMEL\RELEASE\AUFG4HIMMEL.PDB
C:\Users\Luka\Dropbox\h_da\2013-01-SoSe\PG2\Praktikum\Aufg4Himmel\Aufg4Himmel\Release\Aufg4Himmel.obj
C:\Users\Luka\Dropbox\h_da\2013-01-SoSe\PG2\Praktikum\Aufg4Himmel\Aufg4Himmel\Release\stdafx.obj
C:\Users\Luka\Dropbox\h_da\2013-01-SoSe\PG2\Praktikum\Aufg4Himmel\Aufg4Himmel\Release\cl.command.1.tlog
C:\Users\Luka\Dropbox\h_da\2013-01-SoSe\PG2\Praktikum\Aufg4Himmel\Aufg4Himmel\Release\CL.read.1.tlog
C:\Users\Luka\Dropbox\h_da\2013-01-SoSe\PG2\Praktikum\Aufg4Himmel\Aufg4Himmel\Release\CL.write.1.tlog
C:\Users\Luka\Dropbox\h_da\2013-01-SoSe\PG2\Praktikum\Aufg4Himmel\Aufg4Himmel\Release\link-cvtres.read.1.tlog
C:\Users\Luka\Dropbox\h_da\2013-01-SoSe\PG2\Praktikum\Aufg4Himmel\Aufg4Himmel\Release\link-cvtres.write.1.tlog
C:\Users\Luka\Dropbox\h_da\2013-01-SoSe\PG2\Praktikum\Aufg4Himmel\Aufg4Himmel\Release\link-rc.read.1.tlog
C:\Users\Luka\Dropbox\h_da\2013-01-SoSe\PG2\Praktikum\Aufg4Himmel\Aufg4Himmel\Release\link-rc.write.1.tlog
C:\Users\Luka\Dropbox\h_da\2013-01-SoSe\PG2\Praktikum\Aufg4Himmel\Aufg4Himmel\Release\link.command.1.tlog
C:\Users\Luka\Dropbox\h_da\2013-01-SoSe\PG2\Praktikum\Aufg4Himmel\Aufg4Himmel\Release\link.read.1.tlog
C:\Users\Luka\Dropbox\h_da\2013-01-SoSe\PG2\Praktikum\Aufg4Himmel\Aufg4Himmel\Release\link.write.1.tlog
C:\Users\Luka\Dropbox\h_da\2013-01-SoSe\PG2\Praktikum\Aufg4Himmel\Aufg4Himmel\Release\NativeCodeAnalysis.read.1.tlog
C:\Users\Luka\Dropbox\h_da\2013-01-SoSe\PG2\Praktikum\Aufg4Himmel\Aufg4Himmel\Release\vc110.pdb
C:\Users\Luka\Dropbox\h_da\2013-01-SoSe\PG2\Praktikum\Aufg4Himmel\Aufg4Himmel\Release\Aufg4Himmel.cpp.nativecodeanalysis.xml
C:\Users\Luka\Dropbox\h_da\2013-01-SoSe\PG2\Praktikum\Aufg4Himmel\Aufg4Himmel\Release\stdafx.cpp.nativecodeanalysis.xml
C:\Users\Luka\Dropbox\h_da\2013-01-SoSe\PG2\Praktikum\Aufg4Himmel\Aufg4Himmel\Release\vc.nativecodeanalysis.all.xml
C:\Users\Luka\Dropbox\h_da\2013-01-SoSe\PG2\Praktikum\Aufg4Himmel\Release\Aufg4Himmel.pdb
C:\Users\Luka\Dropbox\h_da\2013-01-SoSe\PG2\Praktikum\Aufg4Himmel\Release\Aufg4Himmel.exe
C:\Users\Luka\Dropbox\h_da\2013-01-SoSe\PG2\Praktikum\Aufg4Himmel\Release\Aufg4Himmel.exe.lastcodeanalysissucceeded
